中心频率：940.6，带宽：3000000.0，信噪比：-14.34，调制方式：2FSK:100.0%，信噪比详情：IQSNR:14.50, specSNR:-14.34
中心频率：940.6，带宽：3000000.0，信噪比：-10.13，调制方式：2FSK:100.0%，信噪比详情：IQSNR:15.11, specSNR:-10.13
2020-09-27 16:40:11,459- 中心频率：940.6，带宽：3000000.0，信噪比：14.50，调制方式：2FSK:100.0%，信噪比详情：IQSNR:14.50, specSNR:不可识别
2020-09-27 16:41:32,172- 中心频率：940.6，带宽：3000000.0，信噪比：14.50，调制方式：2FSK:100.0%，信噪比详情：IQSNR:14.50, specSNR:不可识别
2020-09-27 16:42:51,861- 中心频率：940.6，带宽：3000000.0，信噪比：-9.03，调制方式：2FSK:100.0%，信噪比详情：IQSNR:21.70, specSNR:-9.03
2020-09-27 16:44:24,475- 中心频率：940.6，带宽：3000000.0，信噪比：14.50，调制方式：2FSK:100.0%，信噪比详情：IQSNR:14.50, specSNR:不可识别
2020-09-27 16:46:09,940- 中心频率：940.6，带宽：3000000.0，信噪比：21.57，调制方式：2FSK:100.0%，信噪比详情：IQSNR:21.57, specSNR:不可识别
2020-09-27 16:47:59,012- 中心频率：940.6，带宽：3000000.0，信噪比：14.75，调制方式：2FSK:100.0%，信噪比详情：IQSNR:14.75, specSNR:不可识别
2020-09-27 16:50:02,456- 中心频率：940.6，带宽：3000000.0，信噪比：-14.12，调制方式：2FSK:100.0%，信噪比详情：IQSNR:18.06, specSNR:-14.12
2020-09-27 16:51:28,728- 中心频率：940.6，带宽：3000000.0，信噪比：20.88，调制方式：2FSK:100.0%，信噪比详情：IQSNR:20.88, specSNR:不可识别
2020-09-27 17:02:40,716- 中心频率：940.6，带宽：3000000.0，信噪比：18.06，调制方式：2FSK:100.0%，信噪比详情：IQSNR:18.06, specSNR:不可识别
2020-09-27 17:03:40,478- 中心频率：940.6，带宽：3000000.0，信噪比：-15.00，调制方式：2FSK:100.0%，信噪比详情：IQSNR:16.37, specSNR:-15.00
2020-09-28 20:28:14,784- 中心频率：940.6，带宽：3000000.0，信噪比：-14.54，调制方式：2FSK:100.0%，信噪比详情：IQSNR:21.15, specSNR:-14.54
2020-09-28 20:29:16,513- 中心频率：940.6，带宽：3000000.0，信噪比：-13.87，调制方式：2FSK:100.0%，信噪比详情：IQSNR:19.21, specSNR:-13.87
2020-09-28 20:46:34,278- 中心频率：940.6，带宽：3000000.0，信噪比：18.06，调制方式：2FSK:100.0%，信噪比详情：IQSNR:18.06, specSNR:不可识别
2020-09-29 09:46:32,547- 中心频率：940.6，带宽：3000000.0，信噪比：21.70，调制方式：2FSK:100.0%，信噪比详情：IQSNR:21.70, specSNR:不可识别
2020-09-29 09:48:59,407- 中心频率：940.6，带宽：3000000.0，信噪比：-26.40，调制方式：2FSK:100.0%，信噪比详情：IQSNR:21.57, specSNR:-26.40
2020-09-29 15:11:44,741- 中心频率：940.6，带宽：3000000.0，信噪比：-22.66，调制方式：2FSK:100.0%，信噪比详情：IQSNR:14.75, timeSNR:-22.66
2020-09-30 09:19:29,199- 中心频率：940.6，带宽：12500000.0，信噪比：-5.93，调制方式：GMSK:100.0%，信噪比详情：IQSNR:-5.93, specSNR:不可识别
2020-09-30 09:25:05,700- 中心频率：940.6，带宽：12500000.0，信噪比：-5.99，调制方式：GMSK:100.0%，信噪比详情：IQSNR:-5.99, specSNR:不可识别
2020-09-30 09:28:22,439- 中心频率：948.0，带宽：12500000.0，信噪比：-0.14，调制方式：GMSK:100.0%，信噪比详情：IQSNR:4.08, timeSNR:-0.14
